<?xml version="1.0" encoding="UTF-8"?>
<testng-results skipped="0" failed="0" ignored="0" total="1" passed="1">
  <reporter-output>
  </reporter-output>
  <suite name="Suite" duration-ms="8567" started-at="2018-09-13T18:53:17Z" finished-at="2018-09-13T18:53:26Z">
    <groups>
    </groups>
    <test name="Default test" duration-ms="8567" started-at="2018-09-13T18:53:17Z" finished-at="2018-09-13T18:53:26Z">
      <class name="Getrequest">
        <test-method status="PASS" signature="getData()[pri:0, instance:Getrequest@402a079c]" name="getData" is-config="true" duration-ms="47" started-at="2018-09-14T00:23:17Z" finished-at="2018-09-14T00:23:17Z">
          <reporter-output>
          </reporter-output>
        </test-method> <!-- getData -->
        <test-method status="PASS" signature="Test()[pri:0, instance:Getrequest@402a079c]" name="Test" duration-ms="8489" started-at="2018-09-14T00:23:17Z" finished-at="2018-09-14T00:23:26Z">
          <reporter-output>
          </reporter-output>
        </test-method> <!-- Test -->
      </class> <!-- Getrequest -->
    </test> <!-- Default test -->
  </suite> <!-- Suite -->
</testng-results>
